# JRE version: Java(TM) SE Runtime Environment (7.0_79-b15) (build 1.7.0_79-b15)
# Java VM: Java HotSpot(TM) Client VM (24.79-b02 mixed mode, sharing windows-x86 )
Heap
 def new generation   total 4864K, used 1932K [0x1ac00000, 0x1b140000, 0x200a0000)
  eden space 4352K,  42% used [0x1ac00000, 0x1adce888, 0x1b040000)
  from space 512K,  16% used [0x1b040000, 0x1b054948, 0x1b0c0000)
  to   space 512K,   0% used [0x1b0c0000, 0x1b0c0000, 0x1b140000)
 tenured generation   total 10880K, used 4970K [0x200a0000, 0x20b40000, 0x2aa00000)
   the space 10880K,  45% used [0x200a0000, 0x2057a890, 0x2057aa00, 0x20b40000)
 compacting perm gen  total 12288K, used 1465K [0x2aa00000, 0x2b600000, 0x2ea00000)
   the space 12288K,  11% used [0x2aa00000, 0x2ab6e458, 0x2ab6e600, 0x2b600000)
    ro space 10240K,  44% used [0x2ea00000, 0x2ee7c1d8, 0x2ee7c200, 0x2f400000)
    rw space 12288K,  52% used [0x2f400000, 0x2fa440c0, 0x2fa44200, 0x30000000)
GC Heap History (10 events):
Event: 0.266 GC heap before
{Heap before GC invocations=1 (full 0):
 def new generation   total 4864K, used 4864K [0x1ac00000, 0x1b140000, 0x200a0000)
  eden space 4352K, 100% used [0x1ac00000, 0x1b040000, 0x1b040000)
  from space 512K, 100% used [0x1b0c0000, 0x1b140000, 0x1b140000)
  to   space 512K,   0% used [0x1b040000, 0x1b040000, 0x1b0c0000)
 tenured generation   total 10880K, used 1377K [0x200a0000, 0x20b40000, 0x2aa00000)
   the space 10880K,  12% used [0x200a0000, 0x201f8588, 0x201f8600, 0x20b40000)
 compacting perm gen  total 12288K, used 1136K [0x2aa00000, 0x2b600000, 0x2ea00000)
   the space 12288K,   9% used [0x2aa00000, 0x2ab1c3c8, 0x2ab1c400, 0x2b600000)
    ro space 10240K,  44% used [0x2ea00000, 0x2ee7c1d8, 0x2ee7c200, 0x2f400000)
    rw space 12288K,  52% used [0x2f400000, 0x2fa440c0, 0x2fa44200, 0x30000000)
Event: 0.270 GC heap after
Heap after GC invocations=2 (full 0):
 def new generation   total 4864K, used 512K [0x1ac00000, 0x1b140000, 0x200a0000)
  eden space 4352K,   0% used [0x1ac00000, 0x1ac00000, 0x1b040000)
  from space 512K, 100% used [0x1b040000, 0x1b0c0000, 0x1b0c0000)
  to   space 512K,   0% used [0x1b0c0000, 0x1b0c0000, 0x1b140000)
 tenured generation   total 10880K, used 1955K [0x200a0000, 0x20b40000, 0x2aa00000)
   the space 10880K,  17% used [0x200a0000, 0x20288ef8, 0x20289000, 0x20b40000)
 compacting perm gen  total 12288K, used 1136K [0x2aa00000, 0x2b600000, 0x2ea00000)
   the space 12288K,   9% used [0x2aa00000, 0x2ab1c3c8, 0x2ab1c400, 0x2b600000)
    ro space 10240K,  44% used [0x2ea00000, 0x2ee7c1d8, 0x2ee7c200, 0x2f400000)
    rw space 12288K,  52% used [0x2f400000, 0x2fa440c0, 0x2fa44200, 0x30000000)
}
Event: 26.148 GC heap before
{Heap before GC invocations=2 (full 0):
 def new generation   total 4864K, used 4063K [0x1ac00000, 0x1b140000, 0x200a0000)
  eden space 4352K,  81% used [0x1ac00000, 0x1af77e10, 0x1b040000)
  from space 512K, 100% used [0x1b040000, 0x1b0c0000, 0x1b0c0000)
  to   space 512K,   0% used [0x1b0c0000, 0x1b0c0000, 0x1b140000)
 tenured generation   total 10880K, used 1955K [0x200a0000, 0x20b40000, 0x2aa00000)
   the space 10880K,  17% used [0x200a0000, 0x20288ef8, 0x20289000, 0x20b40000)
 compacting perm gen  total 12288K, used 1433K [0x2aa00000, 0x2b600000, 0x2ea00000)
   the space 12288K,  11% used [0x2aa00000, 0x2ab66660, 0x2ab66800, 0x2b600000)
    ro space 10240K,  44% used [0x2ea00000, 0x2ee7c1d8, 0x2ee7c200, 0x2f400000)
    rw space 12288K,  52% used [0x2f400000, 0x2fa440c0, 0x2fa44200, 0x30000000)
Event: 26.153 GC heap after
Heap after GC invocations=3 (full 0):
 def new generation   total 4864K, used 232K [0x1ac00000, 0x1b140000, 0x200a0000)
  eden space 4352K,   0% used [0x1ac00000, 0x1ac00000, 0x1b040000)
  from space 512K,  45% used [0x1b0c0000, 0x1b0fa338, 0x1b140000)
  to   space 512K,   0% used [0x1b040000, 0x1b040000, 0x1b0c0000)
 tenured generation   total 10880K, used 3410K [0x200a0000, 0x20b40000, 0x2aa00000)
   the space 10880K,  31% used [0x200a0000, 0x203f4980, 0x203f4a00, 0x20b40000)
 compacting perm gen  total 12288K, used 1433K [0x2aa00000, 0x2b600000, 0x2ea00000)
   the space 12288K,  11% used [0x2aa00000, 0x2ab66660, 0x2ab66800, 0x2b600000)
    ro space 10240K,  44% used [0x2ea00000, 0x2ee7c1d8, 0x2ee7c200, 0x2f400000)
    rw space 12288K,  52% used [0x2f400000, 0x2fa440c0, 0x2fa44200, 0x30000000)
}
Event: 242.496 GC heap before
{Heap before GC invocations=3 (full 0):
 def new generation   total 4864K, used 4584K [0x1ac00000, 0x1b140000, 0x200a0000)
  eden space 4352K, 100% used [0x1ac00000, 0x1b040000, 0x1b040000)
  from space 512K,  45% used [0x1b0c0000, 0x1b0fa338, 0x1b140000)
  to   space 512K,   0% used [0x1b040000, 0x1b040000, 0x1b0c0000)
 tenured generation   total 10880K, used 3410K [0x200a0000, 0x20b40000, 0x2aa00000)
   the space 10880K,  31% used [0x200a0000, 0x203f4980, 0x203f4a00, 0x20b40000)
 compacting perm gen  total 12288K, used 1452K [0x2aa00000, 0x2b600000, 0x2ea00000)
   the space 12288K,  11% used [0x2aa00000, 0x2ab6b0b8, 0x2ab6b200, 0x2b600000)
    ro space 10240K,  44% used [0x2ea00000, 0x2ee7c1d8, 0x2ee7c200, 0x2f400000)
    rw space 12288K,  52% used [0x2f400000, 0x2fa440c0, 0x2fa44200, 0x30000000)
Event: 242.498 GC heap after
Heap after GC invocations=4 (full 0):
 def new generation   total 4864K, used 382K [0x1ac00000, 0x1b140000, 0x200a0000)
  eden space 4352K,   0% used [0x1ac00000, 0x1ac00000, 0x1b040000)
  from space 512K,  74% used [0x1b040000, 0x1b09f870, 0x1b0c0000)
  to   space 512K,   0% used [0x1b0c0000, 0x1b0c0000, 0x1b140000)
 tenured generation   total 10880K, used 4768K [0x200a0000, 0x20b40000, 0x2aa00000)
   the space 10880K,  43% used [0x200a0000, 0x20548000, 0x20548000, 0x20b40000)
 compacting perm gen  total 12288K, used 1452K [0x2aa00000, 0x2b600000, 0x2ea00000)
   the space 12288K,  11% used [0x2aa00000, 0x2ab6b0b8, 0x2ab6b200, 0x2b600000)
    ro space 10240K,  44% used [0x2ea00000, 0x2ee7c1d8, 0x2ee7c200, 0x2f400000)
    rw space 12288K,  52% used [0x2f400000, 0x2fa440c0, 0x2fa44200, 0x30000000)
}
Event: 495.537 GC heap before
{Heap before GC invocations=4 (full 0):
 def new generation   total 4864K, used 4734K [0x1ac00000, 0x1b140000, 0x200a0000)
  eden space 4352K, 100% used [0x1ac00000, 0x1b040000, 0x1b040000)
  from space 512K,  74% used [0x1b040000, 0x1b09f870, 0x1b0c0000)
  to   space 512K,   0% used [0x1b0c0000, 0x1b0c0000, 0x1b140000)
 tenured generation   total 10880K, used 4768K [0x200a0000, 0x20b40000, 0x2aa00000)
   the space 10880K,  43% used [0x200a0000, 0x20548000, 0x20548000, 0x20b40000)
 compacting perm gen  total 12288K, used 1453K [0x2aa00000, 0x2b600000, 0x2ea00000)
   the space 12288K,  11% used [0x2aa00000, 0x2ab6b778, 0x2ab6b800, 0x2b600000)
    ro space 10240K,  44% used [0x2ea00000, 0x2ee7c1d8, 0x2ee7c200, 0x2f400000)
    rw space 12288K,  52% used [0x2f400000, 0x2fa440c0, 0x2fa44200, 0x30000000)
Event: 495.538 GC heap after
Heap after GC invocations=5 (full 0):
 def new generation   total 4864K, used 103K [0x1ac00000, 0x1b140000, 0x200a0000)
  eden space 4352K,   0% used [0x1ac00000, 0x1ac00000, 0x1b040000)
  from space 512K,  20% used [0x1b0c0000, 0x1b0d9e28, 0x1b140000)
  to   space 512K,   0% used [0x1b040000, 0x1b040000, 0x1b0c0000)
 tenured generation   total 10880K, used 4970K [0x200a0000, 0x20b40000, 0x2aa00000)
   the space 10880K,  45% used [0x200a0000, 0x2057a890, 0x2057aa00, 0x20b40000)
 compacting perm gen  total 12288K, used 1453K [0x2aa00000, 0x2b600000, 0x2ea00000)
   the space 12288K,  11% used [0x2aa00000, 0x2ab6b778, 0x2ab6b800, 0x2b600000)
    ro space 10240K,  44% used [0x2ea00000, 0x2ee7c1d8, 0x2ee7c200, 0x2f400000)
    rw space 12288K,  52% used [0x2f400000, 0x2fa440c0, 0x2fa44200, 0x30000000)
}
Event: 804.726 GC heap before
{Heap before GC invocations=5 (full 0):
 def new generation   total 4864K, used 4455K [0x1ac00000, 0x1b140000, 0x200a0000)
  eden space 4352K, 100% used [0x1ac00000, 0x1b040000, 0x1b040000)
  from space 512K,  20% used [0x1b0c0000, 0x1b0d9e28, 0x1b140000)
  to   space 512K,   0% used [0x1b040000, 0x1b040000, 0x1b0c0000)
 tenured generation   total 10880K, used 4970K [0x200a0000, 0x20b40000, 0x2aa00000)
   the space 10880K,  45% used [0x200a0000, 0x2057a890, 0x2057aa00, 0x20b40000)
 compacting perm gen  total 12288K, used 1464K [0x2aa00000, 0x2b600000, 0x2ea00000)
   the space 12288K,  11% used [0x2aa00000, 0x2ab6e3b8, 0x2ab6e400, 0x2b600000)
    ro space 10240K,  44% used [0x2ea00000, 0x2ee7c1d8, 0x2ee7c200, 0x2f400000)
    rw space 12288K,  52% used [0x2f400000, 0x2fa440c0, 0x2fa44200, 0x30000000)
Event: 804.727 GC heap after
Heap after GC invocations=6 (full 0):
 def new generation   total 4864K, used 82K [0x1ac00000, 0x1b140000, 0x200a0000)
  eden space 4352K,   0% used [0x1ac00000, 0x1ac00000, 0x1b040000)
  from space 512K,  16% used [0x1b040000, 0x1b054948, 0x1b0c0000)
  to   space 512K,   0% used [0x1b0c0000, 0x1b0c0000, 0x1b140000)
 tenured generation   total 10880K, used 4970K [0x200a0000, 0x20b40000, 0x2aa00000)
   the space 10880K,  45% used [0x200a0000, 0x2057a890, 0x2057aa00, 0x20b40000)
 compacting perm gen  total 12288K, used 1464K [0x2aa00000, 0x2b600000, 0x2ea00000)
   the space 12288K,  11% used [0x2aa00000, 0x2ab6e3b8, 0x2ab6e400, 0x2b600000)
    ro space 10240K,  44% used [0x2ea00000, 0x2ee7c1d8, 0x2ee7c200, 0x2f400000)
    rw space 12288K,  52% used [0x2f400000, 0x2fa440c0, 0x2fa44200, 0x30000000)
}

