# JRE version: Java(TM) SE Runtime Environment (7.0_79-b15) (build 1.7.0_79-b15)
# Java VM: Java HotSpot(TM) Client VM (24.79-b02 mixed mode, sharing windows-x86 )
Heap
 def new generation   total 4864K, used 1442K [0x1ac00000, 0x1b140000, 0x200a0000)
  eden space 4352K,  25% used [0x1ac00000, 0x1ad195c0, 0x1b040000)
  from space 512K,  61% used [0x1b040000, 0x1b08f2c0, 0x1b0c0000)
  to   space 512K,   0% used [0x1b0c0000, 0x1b0c0000, 0x1b140000)
 tenured generation   total 10880K, used 3809K [0x200a0000, 0x20b40000, 0x2aa00000)
   the space 10880K,  35% used [0x200a0000, 0x204586b8, 0x20458800, 0x20b40000)
 compacting perm gen  total 12288K, used 1451K [0x2aa00000, 0x2b600000, 0x2ea00000)
   the space 12288K,  11% used [0x2aa00000, 0x2ab6ae20, 0x2ab6b000, 0x2b600000)
    ro space 10240K,  44% used [0x2ea00000, 0x2ee7c1d8, 0x2ee7c200, 0x2f400000)
    rw space 12288K,  52% used [0x2f400000, 0x2fa440c0, 0x2fa44200, 0x30000000)
GC Heap History (8 events):
Event: 0.187 GC heap before
{Heap before GC invocations=0 (full 0):
 def new generation   total 4864K, used 4352K [0x1ac00000, 0x1b140000, 0x200a0000)
  eden space 4352K, 100% used [0x1ac00000, 0x1b040000, 0x1b040000)
  from space 512K,   0% used [0x1b040000, 0x1b040000, 0x1b0c0000)
  to   space 512K,   0% used [0x1b0c0000, 0x1b0c0000, 0x1b140000)
 tenured generation   total 10880K, used 0K [0x200a0000, 0x20b40000, 0x2aa00000)
   the space 10880K,   0% used [0x200a0000, 0x200a0000, 0x200a0200, 0x20b40000)
 compacting perm gen  total 12288K, used 1121K [0x2aa00000, 0x2b600000, 0x2ea00000)
   the space 12288K,   9% used [0x2aa00000, 0x2ab18758, 0x2ab18800, 0x2b600000)
    ro space 10240K,  44% used [0x2ea00000, 0x2ee7c1d8, 0x2ee7c200, 0x2f400000)
    rw space 12288K,  52% used [0x2f400000, 0x2fa440c0, 0x2fa44200, 0x30000000)
Event: 0.193 GC heap after
Heap after GC invocations=1 (full 0):
 def new generation   total 4864K, used 512K [0x1ac00000, 0x1b140000, 0x200a0000)
  eden space 4352K,   0% used [0x1ac00000, 0x1ac00000, 0x1b040000)
  from space 512K, 100% used [0x1b0c0000, 0x1b140000, 0x1b140000)
  to   space 512K,   0% used [0x1b040000, 0x1b040000, 0x1b0c0000)
 tenured generation   total 10880K, used 1379K [0x200a0000, 0x20b40000, 0x2aa00000)
   the space 10880K,  12% used [0x200a0000, 0x201f8f88, 0x201f9000, 0x20b40000)
 compacting perm gen  total 12288K, used 1121K [0x2aa00000, 0x2b600000, 0x2ea00000)
   the space 12288K,   9% used [0x2aa00000, 0x2ab18758, 0x2ab18800, 0x2b600000)
    ro space 10240K,  44% used [0x2ea00000, 0x2ee7c1d8, 0x2ee7c200, 0x2f400000)
    rw space 12288K,  52% used [0x2f400000, 0x2fa440c0, 0x2fa44200, 0x30000000)
}
Event: 0.267 GC heap before
{Heap before GC invocations=1 (full 0):
 def new generation   total 4864K, used 4864K [0x1ac00000, 0x1b140000, 0x200a0000)
  eden space 4352K, 100% used [0x1ac00000, 0x1b040000, 0x1b040000)
  from space 512K, 100% used [0x1b0c0000, 0x1b140000, 0x1b140000)
  to   space 512K,   0% used [0x1b040000, 0x1b040000, 0x1b0c0000)
 tenured generation   total 10880K, used 1379K [0x200a0000, 0x20b40000, 0x2aa00000)
   the space 10880K,  12% used [0x200a0000, 0x201f8f88, 0x201f9000, 0x20b40000)
 compacting perm gen  total 12288K, used 1139K [0x2aa00000, 0x2b600000, 0x2ea00000)
   the space 12288K,   9% used [0x2aa00000, 0x2ab1cec0, 0x2ab1d000, 0x2b600000)
    ro space 10240K,  44% used [0x2ea00000, 0x2ee7c1d8, 0x2ee7c200, 0x2f400000)
    rw space 12288K,  52% used [0x2f400000, 0x2fa440c0, 0x2fa44200, 0x30000000)
Event: 0.271 GC heap after
Heap after GC invocations=2 (full 0):
 def new generation   total 4864K, used 511K [0x1ac00000, 0x1b140000, 0x200a0000)
  eden space 4352K,   0% used [0x1ac00000, 0x1ac00000, 0x1b040000)
  from space 512K,  99% used [0x1b040000, 0x1b0bfff0, 0x1b0c0000)
  to   space 512K,   0% used [0x1b0c0000, 0x1b0c0000, 0x1b140000)
 tenured generation   total 10880K, used 1955K [0x200a0000, 0x20b40000, 0x2aa00000)
   the space 10880K,  17% used [0x200a0000, 0x20288f18, 0x20289000, 0x20b40000)
 compacting perm gen  total 12288K, used 1139K [0x2aa00000, 0x2b600000, 0x2ea00000)
   the space 12288K,   9% used [0x2aa00000, 0x2ab1cec0, 0x2ab1d000, 0x2b600000)
    ro space 10240K,  44% used [0x2ea00000, 0x2ee7c1d8, 0x2ee7c200, 0x2f400000)
    rw space 12288K,  52% used [0x2f400000, 0x2fa440c0, 0x2fa44200, 0x30000000)
}
Event: 13.382 GC heap before
{Heap before GC invocations=2 (full 0):
 def new generation   total 4864K, used 4863K [0x1ac00000, 0x1b140000, 0x200a0000)
  eden space 4352K, 100% used [0x1ac00000, 0x1b040000, 0x1b040000)
  from space 512K,  99% used [0x1b040000, 0x1b0bfff0, 0x1b0c0000)
  to   space 512K,   0% used [0x1b0c0000, 0x1b0c0000, 0x1b140000)
 tenured generation   total 10880K, used 1955K [0x200a0000, 0x20b40000, 0x2aa00000)
   the space 10880K,  17% used [0x200a0000, 0x20288f18, 0x20289000, 0x20b40000)
 compacting perm gen  total 12288K, used 1297K [0x2aa00000, 0x2b600000, 0x2ea00000)
   the space 12288K,  10% used [0x2aa00000, 0x2ab446d0, 0x2ab44800, 0x2b600000)
    ro space 10240K,  44% used [0x2ea00000, 0x2ee7c1d8, 0x2ee7c200, 0x2f400000)
    rw space 12288K,  52% used [0x2f400000, 0x2fa440c0, 0x2fa44200, 0x30000000)
Event: 13.386 GC heap after
Heap after GC invocations=3 (full 0):
 def new generation   total 4864K, used 223K [0x1ac00000, 0x1b140000, 0x200a0000)
  eden space 4352K,   0% used [0x1ac00000, 0x1ac00000, 0x1b040000)
  from space 512K,  43% used [0x1b0c0000, 0x1b0f7dd0, 0x1b140000)
  to   space 512K,   0% used [0x1b040000, 0x1b040000, 0x1b0c0000)
 tenured generation   total 10880K, used 3809K [0x200a0000, 0x20b40000, 0x2aa00000)
   the space 10880K,  35% used [0x200a0000, 0x204586b8, 0x20458800, 0x20b40000)
 compacting perm gen  total 12288K, used 1297K [0x2aa00000, 0x2b600000, 0x2ea00000)
   the space 12288K,  10% used [0x2aa00000, 0x2ab446d0, 0x2ab44800, 0x2b600000)
    ro space 10240K,  44% used [0x2ea00000, 0x2ee7c1d8, 0x2ee7c200, 0x2f400000)
    rw space 12288K,  52% used [0x2f400000, 0x2fa440c0, 0x2fa44200, 0x30000000)
}
Event: 163.288 GC heap before
{Heap before GC invocations=3 (full 0):
 def new generation   total 4864K, used 4575K [0x1ac00000, 0x1b140000, 0x200a0000)
  eden space 4352K, 100% used [0x1ac00000, 0x1b040000, 0x1b040000)
  from space 512K,  43% used [0x1b0c0000, 0x1b0f7dd0, 0x1b140000)
  to   space 512K,   0% used [0x1b040000, 0x1b040000, 0x1b0c0000)
 tenured generation   total 10880K, used 3809K [0x200a0000, 0x20b40000, 0x2aa00000)
   the space 10880K,  35% used [0x200a0000, 0x204586b8, 0x20458800, 0x20b40000)
 compacting perm gen  total 12288K, used 1451K [0x2aa00000, 0x2b600000, 0x2ea00000)
   the space 12288K,  11% used [0x2aa00000, 0x2ab6adc0, 0x2ab6ae00, 0x2b600000)
    ro space 10240K,  44% used [0x2ea00000, 0x2ee7c1d8, 0x2ee7c200, 0x2f400000)
    rw space 12288K,  52% used [0x2f400000, 0x2fa440c0, 0x2fa44200, 0x30000000)
Event: 163.290 GC heap after
Heap after GC invocations=4 (full 0):
 def new generation   total 4864K, used 316K [0x1ac00000, 0x1b140000, 0x200a0000)
  eden space 4352K,   0% used [0x1ac00000, 0x1ac00000, 0x1b040000)
  from space 512K,  61% used [0x1b040000, 0x1b08f2c0, 0x1b0c0000)
  to   space 512K,   0% used [0x1b0c0000, 0x1b0c0000, 0x1b140000)
 tenured generation   total 10880K, used 3809K [0x200a0000, 0x20b40000, 0x2aa00000)
   the space 10880K,  35% used [0x200a0000, 0x204586b8, 0x20458800, 0x20b40000)
 compacting perm gen  total 12288K, used 1451K [0x2aa00000, 0x2b600000, 0x2ea00000)
   the space 12288K,  11% used [0x2aa00000, 0x2ab6adc0, 0x2ab6ae00, 0x2b600000)
    ro space 10240K,  44% used [0x2ea00000, 0x2ee7c1d8, 0x2ee7c200, 0x2f400000)
    rw space 12288K,  52% used [0x2f400000, 0x2fa440c0, 0x2fa44200, 0x30000000)
}

